<?xml version="1.0" encoding="UTF-8"?>
<testng-results skipped="0" failed="0" total="1" passed="1">
  <reporter-output>
  </reporter-output>
  <suite name="Default suite" duration-ms="56115" started-at="2018-11-23T01:15:52Z" finished-at="2018-11-23T01:16:48Z">
    <groups>
    </groups>
    <test name="Default test" duration-ms="56115" started-at="2018-11-23T01:15:52Z" finished-at="2018-11-23T01:16:48Z">
      <class name="com.Testcases.Tc_01_RegisterEmployer">
        <test-method status="PASS" signature="callReportGeneration()[pri:0, instance:com.Testcases.Tc_01_RegisterEmployer@6a41eaa2]" name="callReportGeneration" is-config="true" duration-ms="685" started-at="2018-11-23T06:45:52Z" finished-at="2018-11-23T06:45:53Z">
          <reporter-output>
          </reporter-output>
        </test-method> <!-- callReportGeneration -->
        <test-method status="PASS" signature="validate_EmployerRegistration()[pri:0, instance:com.Testcases.Tc_01_RegisterEmployer@6a41eaa2]" name="validate_EmployerRegistration" duration-ms="54053" started-at="2018-11-23T06:45:53Z" finished-at="2018-11-23T06:46:47Z">
          <reporter-output>
          </reporter-output>
        </test-method> <!-- validate_EmployerRegistration -->
        <test-method status="PASS" signature="publishReport()[pri:0, instance:com.Testcases.Tc_01_RegisterEmployer@6a41eaa2]" name="publishReport" is-config="true" duration-ms="1351" started-at="2018-11-23T06:46:47Z" finished-at="2018-11-23T06:46:48Z">
          <reporter-output>
          </reporter-output>
        </test-method> <!-- publishReport -->
      </class> <!-- com.Testcases.Tc_01_RegisterEmployer -->
    </test> <!-- Default test -->
  </suite> <!-- Default suite -->
</testng-results>
